<?xml version="1.0" encoding="UTF-8"?>
<testsuites class="Mocha Tests" time="566.9170" tests="4" failures="3">
  <testsuite class="Root Suite" timestamp="2022-01-17T17:51:44" tests="0" time="0.0000" failures="0">
  </testsuite>
  <testsuite class="POWERSHELL_DISTRIBUTERELEASEBUNDLE_STEP - PowerShell DistributeReleaseBundle Step Tests" timestamp="2022-01-17T17:51:44" tests="0" file="/var/opt/jfrog/pipelines/data/iTest/runs/521732/steps/ps_tests_2/4383679/setup_PreMatrix/tests/core/steps/PowerShell/PSNative/DistributeReleaseBundle.js" time="0.0000" failures="0">
  </testsuite>
  <testsuite class="This describe block posts pipelineSource" timestamp="2022-01-17T17:51:44" tests="3" file="/var/opt/jfrog/pipelines/data/iTest/runs/521732/steps/ps_tests_2/4383679/setup_PreMatrix/tests/core/steps/PowerShell/PSNative/DistributeReleaseBundle.js" time="0.0000" failures="1">
    <testcase class="POWERSHELL_DISTRIBUTERELEASEBUNDLE_STEP - PowerShell DistributeReleaseBundle Step Tests This describe block posts pipelineSource S_PS_DistributeReleaseBundle_0001 User runs a DistributeReleaseBundle step on Windows with “dryRun: true” and a signed ReleaseBundle input successfully." time="151.0360" classclass="S_PS_DistributeReleaseBundle_0001 User runs a DistributeReleaseBundle step on Windows with “dryRun: true” and a signed ReleaseBundle input successfully.">
      <failure message="Run status: 4004" type="Error"><![CDATA[Error: Run status: 4004
    at /var/opt/jfrog/pipelines/data/iTest/runs/521732/steps/ps_tests_2/4383679/setup_PreMatrix/tests/core/steps/PowerShell/PSNative/DistributeReleaseBundle.js:170:23
    at /var/opt/jfrog/pipelines/data/iTest/runs/521732/steps/ps_tests_2/4383679/setup_PreMatrix/tests/_common/pipelines/Adapter.js:2573:9
    at /var/opt/jfrog/pipelines/data/iTest/runs/521732/steps/ps_tests_2/4383679/setup_PreMatrix/tests/node_modules/async/dist/async.js:2959:19
    at wrapper (node_modules/async/dist/async.js:272:20)
    at replenish (node_modules/async/dist/async.js:439:29)
    at iterateeCallback (node_modules/async/dist/async.js:428:21)
    at /var/opt/jfrog/pipelines/data/iTest/runs/521732/steps/ps_tests_2/4383679/setup_PreMatrix/tests/node_modules/async/dist/async.js:325:20
    at /var/opt/jfrog/pipelines/data/iTest/runs/521732/steps/ps_tests_2/4383679/setup_PreMatrix/tests/node_modules/async/dist/async.js:2957:17
    at Request._callback (_common/utils.js:126:9)
    at Request.self.callback (node_modules/request/request.js:188:22)
    at Request.<anonymous> (node_modules/request/request.js:1171:10)
    at IncomingMessage.<anonymous> (node_modules/request/request.js:1091:12)
    at endReadableNT (internal/streams/readable.js:1336:12)
    at processTicksAndRejections (internal/process/task_queues.js:82:21)]]></failure>
    </testcase>
    <testcase class="POWERSHELL_DISTRIBUTERELEASEBUNDLE_STEP - PowerShell DistributeReleaseBundle Step Tests This describe block posts pipelineSource S_PS_DistributeReleaseBundle_0002 User runs a DistributeReleaseBundle step on Windows with “dryRun: false” and no ReleaseBundle output successfully." time="164.1820" classclass="S_PS_DistributeReleaseBundle_0002 User runs a DistributeReleaseBundle step on Windows with “dryRun: false” and no ReleaseBundle output successfully.">
    </testcase>
    <testcase class="POWERSHELL_DISTRIBUTERELEASEBUNDLE_STEP - PowerShell DistributeReleaseBundle Step Tests This describe block posts pipelineSource S_PS_DistributeReleaseBundle_0003 User runs a DistributeReleaseBundle step on Windows with a signed ReleaseBundle input successfully and a ReleaseBundle output is updated with the correct name and number and isSigned." time="127.1770" classclass="S_PS_DistributeReleaseBundle_0003 User runs a DistributeReleaseBundle step on Windows with a signed ReleaseBundle input successfully and a ReleaseBundle output is updated with the correct name and number and isSigned.">
    </testcase>
  </testsuite>
  <testsuite class="Below test cases are for PIPE-5876" timestamp="2022-01-17T17:59:07" tests="1" file="/var/opt/jfrog/pipelines/data/iTest/runs/521732/steps/ps_tests_2/4383679/setup_PreMatrix/tests/core/steps/PowerShell/PSNative/DistributeReleaseBundle.js" time="124.2080" failures="2">
    <testcase class="POWERSHELL_DISTRIBUTERELEASEBUNDLE_STEP - PowerShell DistributeReleaseBundle Step Tests This describe block posts pipelineSource Below test cases are for PIPE-5876 S-PS-DistributeReleaseBundle-5876-0001 User runs a DistributeRleaseBundle step on Windows with trailing slash in distribution interation integration successfully." time="122.8760" classclass="S-PS-DistributeReleaseBundle-5876-0001 User runs a DistributeRleaseBundle step on Windows with trailing slash in distribution interation integration successfully.">
      <failure message="the run status is failure" type="Error"><![CDATA[Error: the run status is failure
    at /var/opt/jfrog/pipelines/data/iTest/runs/521732/steps/ps_tests_2/4383679/setup_PreMatrix/tests/globalWrapper/getRunStatusForQuery.js:59:17
    at /var/opt/jfrog/pipelines/data/iTest/runs/521732/steps/ps_tests_2/4383679/setup_PreMatrix/tests/_common/pipelines/Adapter.js:2573:9
    at /var/opt/jfrog/pipelines/data/iTest/runs/521732/steps/ps_tests_2/4383679/setup_PreMatrix/tests/node_modules/async/dist/async.js:2959:19
    at wrapper (node_modules/async/dist/async.js:272:20)
    at replenish (node_modules/async/dist/async.js:439:29)
    at iterateeCallback (node_modules/async/dist/async.js:428:21)
    at /var/opt/jfrog/pipelines/data/iTest/runs/521732/steps/ps_tests_2/4383679/setup_PreMatrix/tests/node_modules/async/dist/async.js:325:20
    at /var/opt/jfrog/pipelines/data/iTest/runs/521732/steps/ps_tests_2/4383679/setup_PreMatrix/tests/node_modules/async/dist/async.js:2957:17
    at Request._callback (_common/utils.js:126:9)
    at Request.self.callback (node_modules/request/request.js:188:22)
    at Request.<anonymous> (node_modules/request/request.js:1171:10)
    at IncomingMessage.<anonymous> (node_modules/request/request.js:1091:12)
    at endReadableNT (internal/streams/readable.js:1336:12)
    at processTicksAndRejections (internal/process/task_queues.js:82:21)]]></failure>
    </testcase>
    <testcase class="POWERSHELL_DISTRIBUTERELEASEBUNDLE_STEP - PowerShell DistributeReleaseBundle Step Tests This describe block posts pipelineSource Below test cases are for PIPE-5876 &quot;after all&quot; hook for &quot;S-PS-DistributeReleaseBundle-5876-0001 User runs a DistributeRleaseBundle step on Windows with trailing slash in distribution interation integration successfully.&quot;" time="0.1180" classclass="&quot;after all&quot; hook for &quot;S-PS-DistributeReleaseBundle-5876-0001 User runs a DistributeRleaseBundle step on Windows with trailing slash in distribution interation integration successfully.&quot;">
      <failure message="User can delete integration id: 337, err: 400, {
  id: 4005,
  message: &apos;This integration cannot be deleted while it is in use.  Delete or update the following resources first: S_PS_DistRB_5876_0001_DR, S_PS_DistRB_5876_0001_RB&apos;
}" type="Error"><![CDATA[Error: User can delete integration id: 337, err: 400, {
  id: 4005,
  message: 'This integration cannot be deleted while it is in use.  Delete or update the following resources first: S_PS_DistRB_5876_0001_DR, S_PS_DistRB_5876_0001_RB'
}
    at /var/opt/jfrog/pipelines/data/iTest/runs/521732/steps/ps_tests_2/4383679/setup_PreMatrix/tests/core/steps/PowerShell/PSNative/DistributeReleaseBundle.js:459:23
    at /var/opt/jfrog/pipelines/data/iTest/runs/521732/steps/ps_tests_2/4383679/setup_PreMatrix/tests/_common/pipelines/Adapter.js:2790:9
    at /var/opt/jfrog/pipelines/data/iTest/runs/521732/steps/ps_tests_2/4383679/setup_PreMatrix/tests/node_modules/async/dist/async.js:2959:19
    at wrapper (node_modules/async/dist/async.js:272:20)
    at replenish (node_modules/async/dist/async.js:439:29)
    at iterateeCallback (node_modules/async/dist/async.js:428:21)
    at /var/opt/jfrog/pipelines/data/iTest/runs/521732/steps/ps_tests_2/4383679/setup_PreMatrix/tests/node_modules/async/dist/async.js:325:20
    at /var/opt/jfrog/pipelines/data/iTest/runs/521732/steps/ps_tests_2/4383679/setup_PreMatrix/tests/node_modules/async/dist/async.js:2957:17
    at Request._callback (_common/utils.js:126:9)
    at Request.self.callback (node_modules/request/request.js:188:22)
    at Request.<anonymous> (node_modules/request/request.js:1171:10)
    at IncomingMessage.<anonymous> (node_modules/request/request.js:1091:12)
    at endReadableNT (internal/streams/readable.js:1336:12)
    at processTicksAndRejections (internal/process/task_queues.js:82:21)]]></failure>
    </testcase>
  </testsuite>
</testsuites>